<?xml version="1.0" encoding="UTF-8"?>
<testsuites>
  <testsuite name="" tests="1" assertions="1" errors="0" warnings="0" failures="0" skipped="0" time="0.038894">
    <testsuite name="P\Tests\ExampleTest" file="/home/f4bio/workspace/_libs/laravel-jdenticon/vendor/pestphp/pest/src/Factories/TestCaseFactory.php(222) : eval()'d code" tests="1" assertions="1" errors="0" warnings="0" failures="0" skipped="0" time="0.038894">
      <testcase name="it can test" assertions="1" time="0.038894"/>
    </testsuite>
  </testsuite>
</testsuites>
